<?xml version="1.0" encoding="UTF-8"?>
<!-- Generated by org.testng.reporters.JUnitXMLReporter -->
<testsuite ignored="0" hostname="-PC" failures="0" tests="6" name="Default test" time="18.732" errors="0" timestamp="2024-02-26T10:11:45 IST">
  <testcase classname="org.example.testcases.EcommerceTest" name="testLaunchApplication" time="6.586"/>
  <testcase classname="org.example.testcases.EcommerceTest" name="testCustomerLogin" time="1.665"/>
  <testcase classname="org.example.testcases.EcommerceTest" name="testViewProducts" time="5.066"/>
  <testcase classname="org.example.testcases.EcommerceTest" name="addToCart" time="0.551"/>
  <testcase classname="org.example.testcases.EcommerceTest" name="checkOut" time="1.461"/>
  <testcase classname="org.example.testcases.EcommerceTest" name="testCustomerRegistration" time="1.236"/>
</testsuite> <!-- Default test -->
