<?xml version="1.0" encoding="UTF-8"?>
<testng-results ignored="0" total="5" passed="5" failed="0" skipped="0">
  <reporter-output>
  </reporter-output>
  <suite started-at="2024-02-26T10:16:09 IST" name="Suite" finished-at="2024-02-26T10:16:19 IST" duration-ms="10184">
    <groups>
    </groups>
    <test started-at="2024-02-26T10:16:09 IST" name="Test" finished-at="2024-02-26T10:16:19 IST" duration-ms="10184">
      <class name="org.example.testcases.SanityTest">
        <test-method is-config="true" signature="setUp()[pri:0, instance:org.example.testcases.SanityTest@618b19ad]" started-at="2024-02-26T10:16:09 IST" name="setUp" finished-at="2024-02-26T10:16:11 IST" duration-ms="2017" status="PASS">
          <reporter-output>
          </reporter-output>
        </test-method> <!-- setUp -->
        <test-method signature="verifyLaunchOfUserInterfaceWithValidUrl()[pri:1, instance:org.example.testcases.SanityTest@618b19ad]" started-at="2024-02-26T10:16:11 IST" name="verifyLaunchOfUserInterfaceWithValidUrl" finished-at="2024-02-26T10:16:16 IST" duration-ms="4998" status="PASS">
          <reporter-output>
          </reporter-output>
        </test-method> <!-- verifyLaunchOfUserInterfaceWithValidUrl -->
        <test-method signature="verifyRequiredElementAvailabilityInHomePage()[pri:2, instance:org.example.testcases.SanityTest@618b19ad]" started-at="2024-02-26T10:16:16 IST" name="verifyRequiredElementAvailabilityInHomePage" finished-at="2024-02-26T10:16:17 IST" duration-ms="746" status="PASS">
          <reporter-output>
          </reporter-output>
        </test-method> <!-- verifyRequiredElementAvailabilityInHomePage -->
        <test-method signature="verifyCustomerRegistration()[pri:3, instance:org.example.testcases.SanityTest@618b19ad]" started-at="2024-02-26T10:16:17 IST" name="verifyCustomerRegistration" finished-at="2024-02-26T10:16:17 IST" duration-ms="2" status="PASS">
          <reporter-output>
          </reporter-output>
        </test-method> <!-- verifyCustomerRegistration -->
        <test-method signature="verifyCustomerLogin()[pri:4, instance:org.example.testcases.SanityTest@618b19ad]" started-at="2024-02-26T10:16:17 IST" name="verifyCustomerLogin" finished-at="2024-02-26T10:16:19 IST" duration-ms="2065" status="PASS">
          <reporter-output>
          </reporter-output>
        </test-method> <!-- verifyCustomerLogin -->
        <test-method signature="shoppingCartAndCheckout()[pri:5, instance:org.example.testcases.SanityTest@618b19ad]" started-at="2024-02-26T10:16:19 IST" name="shoppingCartAndCheckout" finished-at="2024-02-26T10:16:19 IST" duration-ms="2" status="PASS">
          <reporter-output>
          </reporter-output>
        </test-method> <!-- shoppingCartAndCheckout -->
        <test-method is-config="true" signature="tearDown()[pri:0, instance:org.example.testcases.SanityTest@618b19ad]" started-at="2024-02-26T10:16:19 IST" name="tearDown" finished-at="2024-02-26T10:16:19 IST" duration-ms="271" status="PASS">
          <reporter-output>
          </reporter-output>
        </test-method> <!-- tearDown -->
      </class> <!-- org.example.testcases.SanityTest -->
    </test> <!-- Test -->
  </suite> <!-- Suite -->
</testng-results>
