<?xml version="1.0" encoding="UTF-8"?>
<!-- Generated by org.testng.reporters.JUnitXMLReporter -->
<testsuite ignored="0" hostname="-PC" failures="0" tests="5" name="Test" time="10.184" errors="0" timestamp="2024-02-26T10:16:19 IST">
  <testcase classname="org.example.testcases.SanityTest" name="verifyLaunchOfUserInterfaceWithValidUrl" time="4.998"/>
  <testcase classname="org.example.testcases.SanityTest" name="verifyRequiredElementAvailabilityInHomePage" time="0.746"/>
  <testcase classname="org.example.testcases.SanityTest" name="verifyCustomerRegistration" time="0.002"/>
  <testcase classname="org.example.testcases.SanityTest" name="verifyCustomerLogin" time="2.065"/>
  <testcase classname="org.example.testcases.SanityTest" name="shoppingCartAndCheckout" time="0.002"/>
</testsuite> <!-- Test -->
